"../../../../../Users/carlo.bay7478/Documents/GitHub/ALBERT4/Content/Assets/Sounds/MusicClass.uasset" 0
"../../../../../Users/carlo.bay7478/Documents/GitHub/ALBERT4/Content/Assets/Sounds/MasterClass.uasset" 1
"../../../../../Users/carlo.bay7478/Documents/GitHub/ALBERT4/Content/Assets/Sounds/SFXClass.uasset" 2
"../../../../../Users/carlo.bay7478/Documents/GitHub/ALBERT4/Content/Assets/Sounds/BrickCrumble.uasset" 3
"../../../../../Users/carlo.bay7478/Documents/GitHub/ALBERT4/Content/Assets/Sounds/BrickCrumble_Cue.uasset" 4
"../../../../../Users/carlo.bay7478/Documents/GitHub/ALBERT4/Content/BP_Block_Crumble.uasset" 5
"../../../../../Users/carlo.bay7478/Documents/GitHub/ALBERT4/Content/MyAlbert_GameState.uasset" 6
"../../../../../Users/carlo.bay7478/Documents/GitHub/ALBERT4/Content/Assets/Sounds/Water.uasset" 7
"../../../../../Users/carlo.bay7478/Documents/GitHub/ALBERT4/Content/Assets/BP_Block_Water.uasset" 8
"../../../../../Users/carlo.bay7478/Documents/GitHub/ALBERT4/Content/Assets/Bears/Small_Bear/MESH_Bear_End_Skeleton.uasset" 9
"../../../../../Users/carlo.bay7478/Documents/GitHub/ALBERT4/Content/Assets/Bears/Small_Bear/MESH_Bear_Eat.uasset" 10
"../../../../../Users/carlo.bay7478/Documents/GitHub/ALBERT4/Content/Assets/Bears/Small_Bear/MESH_Bear_Fidget1.uasset" 11
"../../../../../Users/carlo.bay7478/Documents/GitHub/ALBERT4/Content/Assets/Bears/Small_Bear/MESH_Bear_Fidget2.uasset" 12
"../../../../../Users/carlo.bay7478/Documents/GitHub/ALBERT4/Content/Assets/Bears/Small_Bear/MESH_Bear_Jump.uasset" 13
"../../../../../Users/carlo.bay7478/Documents/GitHub/ALBERT4/Content/Assets/Bears/Small_Bear/MESH_Bear_Push.uasset" 14
"../../../../../Users/carlo.bay7478/Documents/GitHub/ALBERT4/Content/Assets/Blocks/Base_Block/Block_Mat.uasset" 15
"../../../../../Users/carlo.bay7478/Documents/GitHub/ALBERT4/Content/Assets/Blocks/Base_Block/Shape_Cube.uasset" 16
"../../../../../Users/carlo.bay7478/Documents/GitHub/ALBERT4/Content/Assets/Mats/T_Cave_diff.uasset" 17
"../../../../../Users/carlo.bay7478/Documents/GitHub/ALBERT4/Content/Assets/Blocks/Boulder_Block/Boulder_Block_Mat.uasset" 18
"../../../../../Users/carlo.bay7478/Documents/GitHub/ALBERT4/Content/Assets/Blocks/Boulder_Block/Boulder_Block_Mesh.uasset" 19
"../../../../../Users/carlo.bay7478/Documents/GitHub/ALBERT4/Content/Assets/Meshes/TEX_Obstacle_Block.uasset" 20
"../../../../../Users/carlo.bay7478/Documents/GitHub/ALBERT4/Content/Assets/Meshes/Obstacle_Mat.uasset" 21
"../../../../../Users/carlo.bay7478/Documents/GitHub/ALBERT4/Content/Assets/Blocks/Boulder_Block/MESH_Obstacle_Bloulder.uasset" 22
"../../../../../Users/carlo.bay7478/Documents/GitHub/ALBERT4/Content/Assets/Blocks/Crumble_Block/dirt_tst.uasset" 23
"../../../../../Users/carlo.bay7478/Documents/GitHub/ALBERT4/Content/Assets/Blocks/Crumble_Block/Dirt_Mat.uasset" 24
"../../../../../Users/carlo.bay7478/Documents/GitHub/ALBERT4/Content/Assets/Blocks/Crumble_Block/Block_Dirt.uasset" 25
"../../../Engine/Content/Functions/Engine_MaterialFunctions01/Opacity/CameraDepthFade.uasset" 26
"../../../Engine/Content/EngineMaterials/T_Default_Material_Grid_M.uasset" 27
"../../../Engine/Content/EngineMaterials/T_Default_Material_Grid_N.uasset" 28
"../../../Engine/Content/EngineMaterials/WorldGridMaterial.uasset" 29
"../../../../../Users/carlo.bay7478/Documents/GitHub/ALBERT4/Content/Assets/Blocks/Crumble_Block/T_Crumbling_Test.uasset" 30
"../../../../../Users/carlo.bay7478/Documents/GitHub/ALBERT4/Content/Assets/Blocks/Crumble_Block/Crumble_mat.uasset" 31
"../../../../../Users/carlo.bay7478/Documents/GitHub/ALBERT4/Content/Assets/Blocks/Crumble_Block/Crumbling.uasset" 32
"../../../../../Users/carlo.bay7478/Documents/GitHub/ALBERT4/Content/Assets/Blocks/Crumble_Block/Crumbling_DM.uasset" 33
"../../../../../Users/carlo.bay7478/Documents/GitHub/ALBERT4/Content/Assets/Blocks/End_Block/End_Block_Mat.uasset" 34
"../../../../../Users/carlo.bay7478/Documents/GitHub/ALBERT4/Content/Assets/Blocks/End_Block/End_Block_Mesh.uasset" 35
"../../../../../Users/carlo.bay7478/Documents/GitHub/ALBERT4/Content/Assets/Mats/T_dirt_diff.uasset" 36
"../../../../../Users/carlo.bay7478/Documents/GitHub/ALBERT4/Content/Assets/Mats/Dirt.uasset" 37
"../../../../../Users/carlo.bay7478/Documents/GitHub/ALBERT4/Content/Assets/Blocks/Environment_Block/Block_Dirt.uasset" 38
"../../../../../Users/carlo.bay7478/Documents/GitHub/ALBERT4/Content/Assets/Mats/T_GroundFlower_Diff.uasset" 39
"../../../../../Users/carlo.bay7478/Documents/GitHub/ALBERT4/Content/Assets/Mats/nrm_Ground1.uasset" 40
"../../../../../Users/carlo.bay7478/Documents/GitHub/ALBERT4/Content/Assets/Blocks/Environment_Block/Environment_Block_0_Mesh.uasset" 41
"../../../../../Users/carlo.bay7478/Documents/GitHub/ALBERT4/Content/Assets/Mats/T_Environment_Diff.uasset" 42
"../../../../../Users/carlo.bay7478/Documents/GitHub/ALBERT4/Content/Assets/Mats/Environment.uasset" 43
"../../../../../Users/carlo.bay7478/Documents/GitHub/ALBERT4/Content/Assets/Mats/Norm_Ground_2.uasset" 44
"../../../../../Users/carlo.bay7478/Documents/GitHub/ALBERT4/Content/Assets/Mats/nrm_Ground.uasset" 45
"../../../../../Users/carlo.bay7478/Documents/GitHub/ALBERT4/Content/Assets/Blocks/Environment_Block/Environment_Block_1_Mesh.uasset" 46
"../../../../../Users/carlo.bay7478/Documents/GitHub/ALBERT4/Content/Assets/Blocks/Environment_Block/Environment_Block_2_Mesh.uasset" 47
"../../../../../Users/carlo.bay7478/Documents/GitHub/ALBERT4/Content/Assets/Meshes/TEX_Unwalkable_Block.uasset" 48
"../../../../../Users/carlo.bay7478/Documents/GitHub/ALBERT4/Content/Assets/Meshes/Environment_Mat.uasset" 49
"../../../../../Users/carlo.bay7478/Documents/GitHub/ALBERT4/Content/Assets/Blocks/Environment_Block/MESH_Unwalkable_Rocks.uasset" 50
"../../../../../Users/carlo.bay7478/Documents/GitHub/ALBERT4/Content/Assets/Blocks/Environment_Block/MESH_Unwalkable_Shrub.uasset" 51
"../../../../../Users/carlo.bay7478/Documents/GitHub/ALBERT4/Content/Assets/Blocks/Environment_Block/MESH_Unwalkable_Stump.uasset" 52
"../../../../../Users/carlo.bay7478/Documents/GitHub/ALBERT4/Content/Assets/Blocks/Ladder_Block/Environment.uasset" 53
"../../../../../Users/carlo.bay7478/Documents/GitHub/ALBERT4/Content/Assets/Blocks/Ladder_Block/Environment2.uasset" 54
"../../../../../Users/carlo.bay7478/Documents/GitHub/ALBERT4/Content/Assets/Blocks/Ladder_Block/Long_tree.uasset" 55
"../../../../../Users/carlo.bay7478/Documents/GitHub/ALBERT4/Content/Assets/Blocks/Log_Block/Log_Block_mat.uasset" 56
"../../../../../Users/carlo.bay7478/Documents/GitHub/ALBERT4/Content/Assets/Blocks/Log_Block/Log_Block_Mesh.uasset" 57
"../../../../../Users/carlo.bay7478/Documents/GitHub/ALBERT4/Content/Assets/Blocks/Log_Block/MESH_Obstacle_Log.uasset" 58
"../../../../../Users/carlo.bay7478/Documents/GitHub/ALBERT4/Content/Assets/Blocks/Log_Block/Pushable_log.uasset" 59
"../../../../../Users/carlo.bay7478/Documents/GitHub/ALBERT4/Content/Assets/Blocks/Path_Block/Block_Ground-w-Flower.uasset" 60
"../../../../../Users/carlo.bay7478/Documents/GitHub/ALBERT4/Content/Assets/Blocks/Path_Block/MESH_Walkable_Glound.uasset" 61
"../../../../../Users/carlo.bay7478/Documents/GitHub/ALBERT4/Content/Assets/Blocks/Path_Block/Path_Block_Mesh.uasset" 62
"../../../../../Users/carlo.bay7478/Documents/GitHub/ALBERT4/Content/Assets/Blocks/Start_Block/Start_Block_Mat.uasset" 63
"../../../../../Users/carlo.bay7478/Documents/GitHub/ALBERT4/Content/Assets/Blocks/Start_Block/Start_Block_Mesh.uasset" 64
"../../../../../Users/carlo.bay7478/Documents/GitHub/ALBERT4/Content/Assets/Blocks/Water_Block/WaterLog_Block_Mat.uasset" 65
"../../../../../Users/carlo.bay7478/Documents/GitHub/ALBERT4/Content/Assets/Blocks/Water_Block/WaterLog_Block_Mesh.uasset" 66
"../../../../../Users/carlo.bay7478/Documents/GitHub/ALBERT4/Content/Assets/Blocks/Water_Block/Water_Block_Mat.uasset" 67
"../../../../../Users/carlo.bay7478/Documents/GitHub/ALBERT4/Content/Assets/Blocks/Water_Block/T_water_diff.uasset" 68
"../../../../../Users/carlo.bay7478/Documents/GitHub/ALBERT4/Content/Assets/Blocks/Water_Block/Water1.uasset" 69
"../../../../../Users/carlo.bay7478/Documents/GitHub/ALBERT4/Content/Assets/Blocks/Water_Block/Water_Block_Mesh.uasset" 70
"../../../../../Users/carlo.bay7478/Documents/GitHub/ALBERT4/Content/Assets/Blocks/Water_Block/Water_Block_Mesh_.uasset" 71
"../../../../../Users/carlo.bay7478/Documents/GitHub/ALBERT4/Content/Assets/Levels/Level2_BuiltData.uasset" 72
"../../../../../Users/carlo.bay7478/Documents/GitHub/ALBERT4/Content/Assets/Mats/T_Big_Bear_diff.uasset" 73
"../../../../../Users/carlo.bay7478/Documents/GitHub/ALBERT4/Content/Assets/Mats/Big_bear1.uasset" 74
"../../../../../Users/carlo.bay7478/Documents/GitHub/ALBERT4/Content/Assets/Mats/Crumble_Tex.uasset" 75
"../../../../../Users/carlo.bay7478/Documents/GitHub/ALBERT4/Content/Assets/Mats/Sky.uasset" 76
"../../../../../Users/carlo.bay7478/Documents/GitHub/ALBERT4/Content/Assets/Meshes/TEX_Cave.uasset" 77
"../../../../../Users/carlo.bay7478/Documents/GitHub/ALBERT4/Content/Assets/Meshes/Cave_Mat.uasset" 78
"../../../../../Users/carlo.bay7478/Documents/GitHub/ALBERT4/Content/Assets/Meshes/MESH_Cave_Block.uasset" 79
"../../../../../Users/carlo.bay7478/Documents/GitHub/ALBERT4/Content/Assets/Meshes/MESH_Obstacle_Tree.uasset" 80
"../../../../../Users/carlo.bay7478/Documents/GitHub/ALBERT4/Content/Assets/Meshes/Tree.uasset" 81
"../../../../../Users/carlo.bay7478/Documents/GitHub/ALBERT4/Content/Assets/Meshes/Trunk.uasset" 82
"../../../../../Users/carlo.bay7478/Documents/GitHub/ALBERT4/Content/Assets/Mats/T_water_diff.uasset" 83
"../../../../../Users/carlo.bay7478/Documents/GitHub/ALBERT4/Content/Assets/Mats/Water1.uasset" 84
"../../../../../Users/carlo.bay7478/Documents/GitHub/ALBERT4/Content/Assets/Meshes/Water.uasset" 85
"../../../../../Users/carlo.bay7478/Documents/GitHub/ALBERT4/Content/Assets/Sounds/Splash.uasset" 86
"../../../../../Users/carlo.bay7478/Documents/GitHub/ALBERT4/Content/Assets/Sounds/Splash_Cue.uasset" 87
"../../../../../Users/carlo.bay7478/Documents/GitHub/ALBERT4/Content/Assets/Sounds/WalkingOnGrass.uasset" 88
"../../../../../Users/carlo.bay7478/Documents/GitHub/ALBERT4/Content/Assets/Sounds/WalkingOnGrass_Cue.uasset" 89
"../../../../../Users/carlo.bay7478/Documents/GitHub/ALBERT4/Content/Assets/Sounds/Walking.uasset" 90
"../../../../../Users/carlo.bay7478/Documents/GitHub/ALBERT4/Content/Assets/Sounds/Walking_Cue.uasset" 91
"../../../../../Users/carlo.bay7478/Documents/GitHub/ALBERT4/Content/Assets/User_Interface/FRINCO.uasset" 92
"../../../../../Users/carlo.bay7478/Documents/GitHub/ALBERT4/Content/Assets/User_Interface/FRINCO_Font.uasset" 93
"../../../../../Users/carlo.bay7478/Documents/GitHub/ALBERT4/Content/Assets/User_Interface/Main_Menu.uasset" 94
"../../../Engine/Content/EditorBlueprintResources/StandardMacros.uasset" 95
"../../../../../Users/carlo.bay7478/Documents/GitHub/ALBERT4/Content/Assets/User_Interface/BP_Instance.uasset" 96
"../../../../../Users/carlo.bay7478/Documents/GitHub/ALBERT4/Content/Assets/User_Interface/BP_Interface2.uasset" 97
"../../../../../Users/carlo.bay7478/Documents/GitHub/ALBERT4/Content/Assets/Sounds/MasterMuteMix.uasset" 98
"../../../../../Users/carlo.bay7478/Documents/GitHub/ALBERT4/Content/Assets/Sounds/MasterUnMute.uasset" 99
"../../../../../Users/carlo.bay7478/Documents/GitHub/ALBERT4/Content/Assets/User_Interface/UIAssets/Ico_Exit.uasset" 100
"../../../../../Users/carlo.bay7478/Documents/GitHub/ALBERT4/Content/Assets/User_Interface/UIAssets/Ico_Mute.uasset" 101
"../../../../../Users/carlo.bay7478/Documents/GitHub/ALBERT4/Content/Assets/User_Interface/UIAssets/Ico_Sound.uasset" 102
"../../../../../Users/carlo.bay7478/Documents/GitHub/ALBERT4/Content/Assets/User_Interface/TestMenu.uasset" 103
"../../../../../Users/carlo.bay7478/Documents/GitHub/ALBERT4/Content/Assets/User_Interface/UIAssets/Ico_Home.uasset" 104
"../../../../../Users/carlo.bay7478/Documents/GitHub/ALBERT4/Content/Assets/User_Interface/Options.uasset" 105
"../../../../../Users/carlo.bay7478/Documents/GitHub/ALBERT4/Content/Assets/User_Interface/UIAssets/Ico_Restart.uasset" 106
"../../../../../Users/carlo.bay7478/Documents/GitHub/ALBERT4/Content/Assets/User_Interface/Pause_Menu.uasset" 107
"../../../../../Users/carlo.bay7478/Documents/GitHub/ALBERT4/Content/Assets/User_Interface/UIAssets/Ico_Option.uasset" 108
"../../../../../Users/carlo.bay7478/Documents/GitHub/ALBERT4/Content/Assets/User_Interface/UIAssets/Ico_Pause.uasset" 109
"../../../Engine/Content/EngineMaterials/DefaultMaterial.uasset" 110
"../../../Engine/Content/BasicShapes/Cone.uasset" 111
"../../../Engine/Content/BasicShapes/Cube.uasset" 112
"../../../Engine/Content/BasicShapes/Cylinder.uasset" 113
"../../../Engine/Content/BasicShapes/Plane.uasset" 114
"../../../Engine/Content/BasicShapes/Sphere.uasset" 115
"../../../Engine/Content/EditorLandscapeResources/DataLayer.uasset" 116
"../../../Engine/Content/EditorMaterials/GizmoMaterial.uasset" 117
"../../../Engine/Content/EditorMaterials/MAT_Groups_Toggle.uasset" 118
"../../../Engine/Content/EditorMaterials/MAT_Groups_Visibility.uasset" 119
"../../../Engine/Content/EditorMaterials/PreviewShadowIndicator.uasset" 120
"../../../Engine/Content/EditorMaterials/PreviewShadowIndicatorMaterial.uasset" 121
"../../../Engine/Content/EditorMaterials/MatineeGroups/MAT_ColorTrack.uasset" 122
"../../../Engine/Content/EditorMaterials/MatineeGroups/MAT_Groups_Anim.uasset" 123
"../../../Engine/Content/EditorMaterials/MatineeGroups/MAT_Groups_AudioMaster.uasset" 124
"../../../Engine/Content/EditorMaterials/MatineeGroups/MAT_Groups_Director.uasset" 125
"../../../Engine/Content/EditorMaterials/MatineeGroups/MAT_Groups_Event.uasset" 126
"../../../Engine/Content/EditorMaterials/MatineeGroups/MAT_Groups_Fade.uasset" 127
"../../../Engine/Content/EditorMaterials/MatineeGroups/MAT_Groups_Float.uasset" 128
"../../../Engine/Content/EditorMaterials/MatineeGroups/MAT_Groups_Move.uasset" 129
"../../../Engine/Content/EditorMaterials/MatineeGroups/MAT_Groups_Slomo.uasset" 130
"../../../Engine/Content/EditorMaterials/MatineeGroups/MAT_Groups_Sound.uasset" 131
"../../../Engine/Content/EditorMaterials/MatineeGroups/MAT_Groups_Vector.uasset" 132
"../../../Engine/Content/EditorMaterials/ParticleSystems/PSysThumbnail_NoImage.uasset" 133
"../../../Engine/Content/EditorMaterials/ParticleSystems/PSysThumbnail_OOD.uasset" 134
"../../../Engine/Content/EditorMaterials/Camera/CineMat.uasset" 135
"../../../Engine/Content/EditorMaterials/Camera/MI_CineMat_Rig.uasset" 136
"../../../Engine/Content/EditorMeshes/Camera/SM_CraneRig_Arm.uasset" 137
"../../../Engine/Content/EditorMeshes/Camera/SM_CraneRig_Base.uasset" 138
"../../../Engine/Content/EditorMeshes/Camera/SM_CraneRig_Body.uasset" 139
"../../../Engine/Content/EditorMeshes/Camera/SM_CraneRig_Mount.uasset" 140
"../../../Engine/Content/EditorMeshes/Camera/SM_RailRig_Mount.uasset" 141
"../../../Engine/Content/EditorMeshes/Camera/SM_RailRig_Track.uasset" 142
"../../../Engine/Content/EditorMeshes/ColorCalibrator/M_ChromeBall.uasset" 143
"../../../Engine/Content/EditorMeshes/ColorCalibrator/M_ClearCoat.uasset" 144
"../../../Engine/Content/EditorMeshes/ColorCalibrator/M_ClearCoatBlack.uasset" 145
"../../../Engine/Content/EditorMeshes/ColorCalibrator/Color_checker.uasset" 146
"../../../Engine/Content/EditorMeshes/ColorCalibrator/M_ColorGrid.uasset" 147
"../../../Engine/Content/EditorMeshes/ColorCalibrator/M_GreyBall.uasset" 148
"../../../Engine/Content/EditorMeshes/ColorCalibrator/SM_ColorCalibrator.uasset" 149
"../../../Engine/Content/EditorResources/BSPVertex.uasset" 150
"../../../Engine/Content/EditorResources/EmptyActor.uasset" 151
"../../../Engine/Content/EditorResources/S_Actor.uasset" 152
"../../../Engine/Content/EditorResources/S_Trigger.uasset" 153
"../../../Engine/Content/EditorResources/LightIcons/S_LightError.uasset" 154
"../../../Engine/Content/EditorResources/SequenceRecorder/Countdown.uasset" 155
"../../../Engine/Content/EditorResources/SequenceRecorder/RecordingIndicator.uasset" 156
"../../../Engine/Content/EditorSounds/Notifications/CompileFailed.uasset" 157
"../../../Engine/Content/EditorSounds/Notifications/CompileFailed_Cue.uasset" 158
"../../../Engine/Content/EditorSounds/Notifications/CompileSuccess.uasset" 159
"../../../Engine/Content/EditorSounds/Notifications/CompileStart_Cue.uasset" 160
"../../../Engine/Content/EditorSounds/Notifications/CompileSuccess_Cue.uasset" 161
"../../../Engine/Content/EngineDamageTypes/DmgTypeBP_Environmental.uasset" 162
"../../../Engine/Content/EngineDebugMaterials/HeatmapGradient.uasset" 163
"../../../Engine/Content/EngineDebugMaterials/BoneWeightMaterial.uasset" 164
"../../../Engine/Content/EngineDebugMaterials/ClothMaterial.uasset" 165
"../../../Engine/Content/EngineDebugMaterials/ClothMaterial_WF.uasset" 166
"../../../Engine/Content/EngineDebugMaterials/DebugEditorMaterial.uasset" 167
"../../../Engine/Content/EngineDebugMaterials/DebugMeshMaterial.uasset" 168
"../../../Engine/Content/EngineDebugMaterials/GeomMaterial.uasset" 169
"../../../Engine/Content/EngineFonts/Faces/RobotoBold.uasset" 170
"../../../Engine/Content/EngineFonts/Faces/RobotoBoldItalic.uasset" 171
"../../../Engine/Content/EngineFonts/Faces/RobotoItalic.uasset" 172
"../../../Engine/Content/EngineFonts/Faces/RobotoLight.uasset" 173
"../../../Engine/Content/EngineFonts/Faces/RobotoRegular.uasset" 174
"../../../Engine/Content/EngineFonts/Roboto.uasset" 175
"../../../Engine/Content/EngineFonts/Faces/RobotoTiny.uasset" 176
"../../../Engine/Content/EngineFonts/RobotoTiny.uasset" 177
"../../../Engine/Content/EngineMaterials/DefaultBloomKernel.uasset" 178
"../../../Engine/Content/EngineMaterials/DefaultBokeh.uasset" 179
"../../../Engine/Content/EngineMaterials/DefaultDiffuse.uasset" 180
"../../../Engine/Content/EngineMaterials/DefaultDeferredDecalMaterial.uasset" 181
"../../../Engine/Content/EngineMaterials/DefaultLightFunctionMaterial.uasset" 182
"../../../Engine/Content/EngineMaterials/DefaultPhysicalMaterial.uasset" 183
"../../../Engine/Content/Functions/Engine_MaterialFunctions02/Utility/BreakOutFloat2Components.uasset" 184
"../../../Engine/Content/EngineMaterials/DefaultPostProcessMaterial.uasset" 185
"../../../Engine/Content/EngineFonts/RobotoDistanceField.uasset" 186
"../../../Engine/Content/EngineMaterials/DefaultTextMaterialOpaque.uasset" 187
"../../../Engine/Content/EngineMaterials/DefaultWhiteGrid.uasset" 188
"../../../Engine/Content/EngineMaterials/EditorBrushMaterial.uasset" 189
"../../../Engine/Content/EngineMaterials/Good64x64TilingNoiseHighFreq.uasset" 190
"../../../Engine/Content/EngineMaterials/MiniFont.uasset" 191
"../../../Engine/Content/EngineMaterials/InvalidLightmapSettings.uasset" 192
"../../../Engine/Content/EngineMaterials/M_InvalidLightmapSettings.uasset" 193
"../../../Engine/Content/Functions/Engine_MaterialFunctions02/WorldPositionOffset/CameraOffset.uasset" 194
"../../../Engine/Content/EngineMaterials/PhAT_JointLimitMaterial.uasset" 195
"../../../Engine/Content/EngineMaterials/PreintegratedSkinBRDF.uasset" 196
"../../../Engine/Content/EngineMaterials/RemoveSurfaceMaterial.uasset" 197
"../../../Engine/Content/EngineMaterials/WeightMapPlaceholderTexture.uasset" 198
"../../../Engine/Content/EngineResources/WhiteSquareTexture.uasset" 199
"../../../Engine/Content/EngineMaterials/Widget3DPassThrough.uasset" 200
"../../../Engine/Content/EngineMaterials/Widget3DPassThrough_Masked.uasset" 201
"../../../Engine/Content/EngineMaterials/Widget3DPassThrough_Opaque.uasset" 202
"../../../Engine/Content/EngineMaterials/Widget3DPassThrough_Masked_OneSided.uasset" 203
"../../../Engine/Content/EngineMaterials/Widget3DPassThrough_Opaque_OneSided.uasset" 204
"../../../Engine/Content/EngineMaterials/Widget3DPassThrough_Translucent.uasset" 205
"../../../Engine/Content/EngineMaterials/Widget3DPassThrough_Translucent_OneSided.uasset" 206
"../../../Engine/Content/EngineMeshes/Cube.uasset" 207
"../../../Engine/Content/EngineMeshes/Cylinder.uasset" 208
"../../../Engine/Content/EngineMeshes/Sphere.uasset" 209
"../../../Engine/Content/EngineResources/Black.uasset" 210
"../../../Engine/Content/EngineResources/DefaultTexture.uasset" 211
"../../../Engine/Content/EngineResources/DefaultTextureCube.uasset" 212
"../../../Engine/Content/EngineResources/GradientTexture0.uasset" 213
"../../../Engine/Content/EngineSounds/Master.uasset" 214
"../../../Engine/Content/Functions/Engine_MaterialFunctions01/Shading/ConvertFromDiffSpec.uasset" 215
"../../../Engine/Content/Functions/Engine_MaterialFunctions01/Shading/PowerToRoughness.uasset" 216
"../../../Engine/Content/Maps/Templates/Thumbnails/Default.uasset" 217
"../../../Engine/Content/Maps/Templates/Thumbnails/VR-Basic.uasset" 218
"../../../Engine/Content/MobileResources/T_MobileControls_texture.uasset" 219
"../../../Engine/Content/MobileResources/T_MobileMenu2.uasset" 220
"../../../Engine/Content/MobileResources/HUD/AnalogHat.uasset" 221
"../../../Engine/Content/MobileResources/HUD/VirtualJoystick_Background.uasset" 222
"../../../Engine/Content/MobileResources/HUD/VirtualJoystick_Thumb.uasset" 223
"../../../Engine/Content/MobileResources/HUD/DefaultVirtualJoysticks.uasset" 224
"../../../Engine/Content/MobileResources/HUD/LeftVirtualJoystickOnly.uasset" 225
"../../../Engine/Content/MobileResources/HUD/MobileHUDButton1_off.uasset" 226
"../../../Engine/Content/MobileResources/HUD/MobileHUDButton1_on.uasset" 227
"../../../Engine/Content/MobileResources/HUD/MobileHUDButton2_off.uasset" 228
"../../../Engine/Content/MobileResources/HUD/MobileHUDButton2_on.uasset" 229
"../../../Engine/Content/MobileResources/HUD/MobileHUDButton3.uasset" 230
"../../../Engine/Content/MobileResources/HUD/MobileHUDButtonFire.uasset" 231
"../../../Engine/Content/MobileResources/HUD/MobileHUDDirectionPad.uasset" 232
"../../../Engine/Content/MobileResources/HUD/MobileHUDDirectionPad2.uasset" 233
"../../../Engine/Content/MobileResources/HUD/MobileHUDDirectionPad3.uasset" 234
"../../../Engine/Content/MobileResources/HUD/MobileHUDDirectionStick.uasset" 235
"../../../Engine/Content/MobileResources/HUD/T_Castle_ThumbstickInner.uasset" 236
"../../../Engine/Content/MobileResources/HUD/T_Castle_ThumbstickOutter.uasset" 237
"../../../Engine/Content/Tutorial/ContentIntroCurve.uasset" 238
"../../../Engine/Content/Tutorial/Basics/TutorialAssets/icon_tab_Levels_40x.uasset" 239
"../../../Engine/Content/Tutorial/BlueprintTutorials/TutorialAssets/BlueprintInterface_64x.uasset" 240
"../../../Engine/Content/Tutorial/BlueprintTutorials/TutorialAssets/BlueprintMacroLibrary_64x.uasset" 241
"../../../Engine/Content/Tutorial/BlueprintTutorials/TutorialAssets/Blueprint_64x.uasset" 242
"../../../Engine/Content/Tutorial/BlueprintTutorials/TutorialAssets/Tutorial_BP_Interface.uasset" 243
"../../../Engine/Content/Tutorial/Foliage/TutorialAssets/Foliage.uasset" 244
"../../../Engine/Content/Tutorial/Landscape/TutorialAssets/Landscape.uasset" 245
"../../../Engine/Content/Tutorial/Paper2D/TutorialAssets/Paper2DFlipbook_TutorialIcon.uasset" 246
"../../../Engine/Content/Tutorial/Paper2D/TutorialAssets/Paper2DSprite_TutorialIcon.uasset" 247
"../../../Engine/Content/Tutorial/SubEditors/TutorialAssets/icon_Editor_Preferences_General_40x.uasset" 248
"../../../Engine/Content/Tutorial/SubEditors/TutorialAssets/icon_ShowSkeletalMeshes_40x.uasset" 249
"../../../Engine/Content/Tutorial/SubEditors/TutorialAssets/TutorialMaterial.uasset" 250
"../../../Engine/Content/Tutorial/SubEditors/TutorialAssets/T_SmokeSubUV_8X8.uasset" 251
"../../../Engine/Content/Tutorial/SubEditors/TutorialAssets/T_soft_smoke.uasset" 252
"../../../Engine/Content/Tutorial/SubEditors/TutorialAssets/M_smoke_subUV_blackbody.uasset" 253
"../../../Engine/Content/Tutorial/SubEditors/TutorialAssets/TutorialParticleSystem.uasset" 254
"../../../Engine/Content/VREditor/Devices/Generic/GenericHMDMaterial.uasset" 255
"../../../Engine/Content/VREditor/Devices/Generic/GenericHMD.uasset" 256
"../../../Engine/Content/Functions/Engine_MaterialFunctions02/Utility/BreakOutFloat3Components.uasset" 257
"../../../Engine/Content/VREditor/Devices/Vive/VivePreController_MasksB.uasset" 258
"../../../Engine/Content/VREditor/Devices/Oculus/OculusControllerMaterial.uasset" 259
"../../../Engine/Content/VREditor/Devices/Oculus/OculusControllerMaterial_Inst.uasset" 260
"../../../Engine/Content/VREditor/Devices/Oculus/OculusControllerMesh.uasset" 261
"../../../Engine/Content/VREditor/Devices/Vive/T_VivePreController_EM.uasset" 262
"../../../Engine/Content/VREditor/Devices/Vive/VivePreController_MasksA.uasset" 263
"../../../Engine/Content/VREditor/Devices/Vive/VivePreControllerDiffuse.uasset" 264
"../../../Engine/Content/VREditor/Devices/Vive/VivePreControllerSpec.uasset" 265
"../../../Engine/Content/VREditor/LaserPointer/VR_LaserPower_01.uasset" 266
"../../../Engine/Content/VREditor/Devices/Vive/VivePreControllerMaterial.uasset" 267
"../../../Engine/Content/VREditor/Devices/Vive/VivePreControllerMaterial_Inst.uasset" 268
"../../../Engine/Content/VREditor/Devices/Vive/VivePreControllerMesh.uasset" 269
"../../../Engine/Content/VREditor/FloatingText/LineMaterial.uasset" 270
"../../../Engine/Content/VREditor/FloatingText/JointSphere.uasset" 271
"../../../Engine/Content/VREditor/FloatingText/LineSegmentCylinder.uasset" 272
"../../../Engine/Content/VREditor/Fonts/VRText_RobotoLarge.uasset" 273
"../../../Engine/Content/VREditor/Fonts/VRTextMaterial.uasset" 274
"../../../Engine/Content/VREditor/Fonts/TranslucentVRTextMaterial.uasset" 275
"../../../Engine/Content/VREditor/LaserPointer/CursorPointer.uasset" 276
"../../../Engine/Content/VREditor/TransformGizmo/TransformGizmoMaterial.uasset" 277
"../../../Engine/Content/VREditor/LaserPointer/HoverMaterial.uasset" 278
"../../../Engine/Content/VREditor/TransformGizmo/TranslucentTransformGizmoMaterial.uasset" 279
"../../../Engine/Content/VREditor/LaserPointer/TranslucentHoverMaterial.uasset" 280
"../../../Engine/Content/VREditor/LaserPointer/HoverMesh.uasset" 281
"../../../Engine/Content/VREditor/LaserPointer/LaserPointerMaterial.uasset" 282
"../../../Engine/Content/VREditor/LaserPointer/LaserPointerMaterialInst.uasset" 283
"../../../Engine/Content/VREditor/LaserPointer/TranslucentLaserPointerMaterialInst.uasset" 284
"../../../Engine/Content/VREditor/LaserPointer/LaserPointerMesh.uasset" 285
"../../../Engine/Content/VREditor/LaserPointer/LaserPointerMesh_End.uasset" 286
"../../../Engine/Content/VREditor/LaserPointer/LaserPointerMesh_Start.uasset" 287
"../../../Engine/Content/VREditor/Sounds/VR_teleport.uasset" 288
"../../../Engine/Content/VREditor/Sounds/UI/Click_on_Button.uasset" 289
"../../../Engine/Content/VREditor/Sounds/UI/Click_on_Button_Cue.uasset" 290
"../../../Engine/Content/VREditor/Sounds/UI/Dockable_Window_Close.uasset" 291
"../../../Engine/Content/VREditor/Sounds/UI/Dockable_Window_Drop.uasset" 292
"../../../Engine/Content/VREditor/Sounds/UI/Dockable_Window_Open.uasset" 293
"../../../Engine/Content/VREditor/Sounds/UI/Dockable_Window_Pick_Up.uasset" 294
"../../../Engine/Content/VREditor/Sounds/UI/Drop_Item_From_ContentBrowser.uasset" 295
"../../../Engine/Content/VREditor/Sounds/UI/Floating_UI_Open-001.uasset" 296
"../../../Engine/Content/VREditor/Sounds/UI/Radial_Menu_FadeOut.uasset" 297
"../../../Engine/Content/VREditor/Sounds/UI/Teleport_Mode_Entered.uasset" 298
"../../../Engine/Content/VREditor/Teleport/TeleportDirectionMaterial.uasset" 299
"../../../Engine/Content/VREditor/Teleport/TeleportDirectionMaterial_Inst.uasset" 300
"../../../Engine/Content/VREditor/Teleport/TeleportDirectionMesh.uasset" 301
"../../../Engine/Content/VREditor/TransformGizmo/BoundingBoxCorner.uasset" 302
"../../../Engine/Content/VREditor/TransformGizmo/BoundingBoxEdge.uasset" 303
"../../../Engine/Content/VREditor/TransformGizmo/PlaneTranslationHandle.uasset" 304
"../../../Engine/Content/VREditor/TransformGizmo/Main.uasset" 305
"../../../Engine/Content/VREditor/TransformGizmo/Xray.uasset" 306
"../../../Engine/Content/VREditor/TransformGizmo/SM_Dialog_Close.uasset" 307
"../../../Engine/Content/VREditor/TransformGizmo/SM_Dialog_Move.uasset" 308
"../../../Engine/Content/VREditor/TransformGizmo/SM_Sequencer_Key.uasset" 309
"../../../Engine/Content/VREditor/TransformGizmo/SM_Sequencer_Node.uasset" 310
"../../../Engine/Content/VREditor/TransformGizmo/TransformGizmoMaterial_Inst.uasset" 311
"../../../Engine/Content/VREditor/TransformGizmo/TranslucentTransformGizmoMaterial_Inst.uasset" 312
"../../../Engine/Content/VREditor/Devices/Vive/UE4_Logo.uasset" 313
"../../../Engine/Content/VREditor/UI/M_ContentWindow.uasset" 314
"../../../Engine/Content/VREditor/UI/SM_ContentWindow_01.uasset" 315
"../../../Engine/Content/VREditor/UI/KeyDiskMaterial.uasset" 316
"../../../Engine/Content/VREditor/UI/DiscMaterial.uasset" 317
"../../../Engine/Content/VREditor/UI/SM_Radial_Disk.uasset" 318
"../../../Engine/Content/VREditor/UI/ArrowMaterial.uasset" 319
"../../../Engine/Content/VREditor/UI/SM_Radial_Pointer.uasset" 320
"../../../Engine/Content/Functions/Engine_MaterialFunctions01/Gradient/RadialGradient.uasset" 321
"../../../Engine/Content/VREditor/WorldMovementGrid/SimpleGrid.uasset" 322
"../../../Engine/Content/VREditor/WorldMovementGrid/GridMaterial.uasset" 323
"../../../Engine/Content/Functions/Engine_MaterialFunctions01/Density/ExponentialDensity.uasset" 324
"../../../Engine/Content/VREditor/WorldMovementGrid/GridPostProcess.uasset" 325
"../../../Engine/Content/EditorLandscapeResources/FlattenHeightMat.uasset" 326
"../../../Engine/Content/VREditor/WorldMovementGrid/PlaneMesh.uasset" 327
"../../Plugins/2D/Paper2D/Content/PlaceholderTextures/DummySpriteTexture.uasset" 328
"../../Plugins/2D/Paper2D/Content/DummySprite.uasset" 329
"../../Plugins/2D/Paper2D/Content/DefaultPaperTerrainMaterial.uasset" 330
"../../Plugins/2D/Paper2D/Content/DefaultSpriteMaterial.uasset" 331
"../../Plugins/2D/Paper2D/Content/MaskedUnlitSpriteMaterial.uasset" 332
"../../Plugins/2D/Paper2D/Content/OpaqueUnlitSpriteMaterial.uasset" 333
"../../Plugins/Media/MediaCompositing/Content/DefaultMediaPlaneTexture.uasset" 334
"../../Plugins/Media/MediaCompositing/Content/DefaultMediaPlaneMaterial.uasset" 335
"../../../Engine/Content/Functions/Engine_MaterialFunctions02/Utility/MakeFloat4.uasset" 336
"../../Plugins/Runtime/AppleARKit/Content/ARKitCameraMaterial.uasset" 337
"../../Plugins/Runtime/Oculus/OculusVR/Content/Textures/GearVRController_AO.uasset" 338
"../../Plugins/Runtime/Oculus/OculusVR/Content/Textures/GearVRController_Color.uasset" 339
"../../Plugins/Runtime/Oculus/OculusVR/Content/Textures/GearVRController_Normal.uasset" 340
"../../Plugins/Runtime/Oculus/OculusVR/Content/Materials/GearVRControllerMaterial.uasset" 341
"../../Plugins/Runtime/Oculus/OculusVR/Content/Meshes/GearVrController.uasset" 342
"../../../../../Users/carlo.bay7478/Documents/GitHub/ALBERT4/Content/Assets/User_Interface/End_Game.uasset" 343
"../../../../../Users/carlo.bay7478/Documents/GitHub/ALBERT4/Content/Assets/Levels/End_Level.umap" 344
"../../../../../Users/carlo.bay7478/Documents/GitHub/ALBERT4/Content/Assets/Sounds/Bite.uasset" 345
"../../../../../Users/carlo.bay7478/Documents/GitHub/ALBERT4/Content/Assets/Sounds/Bite_Cue.uasset" 346
"../../../../../Users/carlo.bay7478/Documents/GitHub/ALBERT4/Content/Assets/BP_BerryPickUp.uasset" 347
"../../../../../Users/carlo.bay7478/Documents/GitHub/ALBERT4/Content/Assets/User_Interface/InGameUI.uasset" 348
"../../../../../Users/carlo.bay7478/Documents/GitHub/ALBERT4/Content/Assets/User_Interface/BP_HUD.uasset" 349
"../../../../../Users/carlo.bay7478/Documents/GitHub/ALBERT4/Content/Assets/Bears/Small_Bear/MESH_Bear_Idle.uasset" 350
"../../../../../Users/carlo.bay7478/Documents/GitHub/ALBERT4/Content/Assets/Bears/Small_Bear/MESH_Bear_Walkcycle.uasset" 351
"../../../../../Users/carlo.bay7478/Documents/GitHub/ALBERT4/Content/Assets/Bears/Small_Bear/BearWalkBlendSpace.uasset" 352
"../../../../../Users/carlo.bay7478/Documents/GitHub/ALBERT4/Content/Assets/User_Interface/Level_Fade_Transition.uasset" 353
"../../../../../Users/carlo.bay7478/Documents/GitHub/ALBERT4/Content/Player/BP_CharacterController.uasset" 354
"../../../../../Users/carlo.bay7478/Documents/GitHub/ALBERT4/Content/Assets/Bears/Small_Bear/BearAnimBP.uasset" 355
"../../../../../Users/carlo.bay7478/Documents/GitHub/ALBERT4/Content/Player/BP_Interface.uasset" 356
"../../../Engine/Content/BasicShapes/BasicShapeMaterial.uasset" 357
"../../../Engine/Content/MapTemplates/Materials/BasicAsset01.uasset" 358
"../../../../../Users/carlo.bay7478/Documents/GitHub/ALBERT4/Content/Assets/Mats/T_Smallbear_Diff.uasset" 359
"../../../../../Users/carlo.bay7478/Documents/GitHub/ALBERT4/Content/Assets/Mats/Small_bear1.uasset" 360
"../../../../../Users/carlo.bay7478/Documents/GitHub/ALBERT4/Content/Assets/Bears/Small_Bear/SmallBearMat.uasset" 361
"../../../../../Users/carlo.bay7478/Documents/GitHub/ALBERT4/Content/Assets/Bears/Small_Bear/MESH_Bear_End_PhysicsAsset.uasset" 362
"../../../../../Users/carlo.bay7478/Documents/GitHub/ALBERT4/Content/Assets/Bears/Small_Bear/MESH_Bear_End.uasset" 363
"../../../../../Users/carlo.bay7478/Documents/GitHub/ALBERT4/Content/Assets/Blocks/Pickup/Pickup_Mat.uasset" 364
"../../../../../Users/carlo.bay7478/Documents/GitHub/ALBERT4/Content/Assets/Blocks/Pickup/PickUpMesh.uasset" 365
"../../../../../Users/carlo.bay7478/Documents/GitHub/ALBERT4/Content/Player/BP_Character.uasset" 366
"../../../../../Users/carlo.bay7478/Documents/GitHub/ALBERT4/Content/Assets/Sounds/Forest.uasset" 367
"../../../../../Users/carlo.bay7478/Documents/GitHub/ALBERT4/Content/Assets/Sounds/Forest_Cue.uasset" 368
"../../../../../Users/carlo.bay7478/Documents/GitHub/ALBERT4/Content/Assets/Sounds/music.uasset" 369
"../../../../../Users/carlo.bay7478/Documents/GitHub/ALBERT4/Content/Assets/Sounds/music_Cue.uasset" 370
"../../../../../Users/carlo.bay7478/Documents/GitHub/ALBERT4/Content/Assets/BP_GameMode.uasset" 371
"../../../../../Users/carlo.bay7478/Documents/GitHub/ALBERT4/Content/Assets/Levels/Level1_BuiltData.uasset" 372
"../../../../../Users/carlo.bay7478/Documents/GitHub/ALBERT4/Content/Assets/Sounds/Water_Cue.uasset" 373
"../../../../../Users/carlo.bay7478/Documents/GitHub/ALBERT4/Content/Assets/Levels/Level1.umap" 374
"../../../../../Users/carlo.bay7478/Documents/GitHub/ALBERT4/Content/Assets/Levels/Level2.umap" 375
"../../../../../Users/carlo.bay7478/Documents/GitHub/ALBERT4/Content/Assets/Meshes/black.uasset" 376
"../../../../../Users/carlo.bay7478/Documents/GitHub/ALBERT4/Content/Assets/Meshes/Rocks1.uasset" 377
"../../../../../Users/carlo.bay7478/Documents/GitHub/ALBERT4/Content/Assets/Meshes/Cave.uasset" 378
"../../../Engine/Content/Functions/Engine_MaterialFunctions01/AlphaBlend/WorldAlignedBlend.uasset" 379
"../../../Engine/Content/Functions/Engine_MaterialFunctions01/WorldPositionOffset/SimpleGrassWind.uasset" 380
"../../../../../Users/carlo.bay7478/Documents/GitHub/ALBERT4/Content/Assets/VFX/Leaf.uasset" 381
"../../../../../Users/carlo.bay7478/Documents/GitHub/ALBERT4/Content/Assets/VFX/MAT_ParticleLeaf.uasset" 382
"../../../../../Users/carlo.bay7478/Documents/GitHub/ALBERT4/Content/Assets/VFX/MESH_Leaf.uasset" 383
"../../../../../Users/carlo.bay7478/Documents/GitHub/ALBERT4/Content/Assets/VFX/VFX_FallignLeaves.uasset" 384
"../../../../../Users/carlo.bay7478/Documents/GitHub/ALBERT4/Content/Assets/Levels/Level3.umap" 385
"../../../../../Users/carlo.bay7478/Documents/GitHub/ALBERT4/Content/Assets/Levels/Level4.umap" 386
"../../../../../Users/carlo.bay7478/Documents/GitHub/ALBERT4/Content/Assets/Levels/Level4_2.umap" 387
"../../../../../Users/carlo.bay7478/Documents/GitHub/ALBERT4/Content/Assets/Levels/Level5.umap" 388
"../../../../../Users/carlo.bay7478/Documents/GitHub/ALBERT4/Content/Assets/Levels/Menu_Level_BuiltData.uasset" 389
"../../../../../Users/carlo.bay7478/Documents/GitHub/ALBERT4/Content/Assets/Meshes/Log.uasset" 390
"../../../../../Users/carlo.bay7478/Documents/GitHub/ALBERT4/Content/Assets/Levels/Menu_Level.umap" 391
"../../../../../Users/carlo.bay7478/Documents/GitHub/ALBERT4/Content/Assets/Levels/Tut.umap" 392
"../../../Engine/Content/Maps/Entry.umap" 393
"../../../Engine/Content/EngineSky/C_Sky_Cloud_Color.uasset" 394
"../../../Engine/Content/EngineSky/C_Sky_Horizon_Color.uasset" 395
"../../../Engine/Content/EngineSky/C_Sky_Zenith_Color.uasset" 396
"../../../Engine/Content/EngineSky/T_Sky_Blue.uasset" 397
"../../../Engine/Content/EngineSky/T_Sky_Clouds_M.uasset" 398
"../../../Engine/Content/EngineSky/T_Sky_Stars.uasset" 399
"../../../Engine/Content/EngineSky/M_Sky_Panning_Clouds2.uasset" 400
"../../../Engine/Content/EngineSky/SM_SkySphere.uasset" 401
"../../../Engine/Content/EngineSky/BP_Sky_Sphere.uasset" 402
"../../../Engine/Content/Maps/Templates/Template_Default_BuiltData.uasset" 403
"../../../Engine/Content/MapTemplates/SM_Template_Map_Floor.uasset" 404
"../../../Engine/Content/Maps/Templates/Template_Default.umap" 405
